<?xml version="1.0" encoding="UTF-8"?>
<testsuite xmlns:xsi="http://www.w3.org/2001/XMLSchema-instance" xsi:noNamespaceSchemaLocation="https://maven.apache.org/surefire/maven-surefire-plugin/xsd/surefire-test-report-3.0.xsd" version="3.0" name="br.com.drianodev.starwars_planet_api.web.PlanetControllerTest" time="5.99" tests="11" errors="0" skipped="0" failures="0">
  <properties>
[...]
</properties>
  <testcase name="createPlanet_WithExistingName_ReturnsConflict" classname="br.com.drianodev.starwars_planet_api.web.PlanetControllerTest" time="0.712">
    <system-out><![CDATA[08:00:52.740 [main] INFO org.springframework.test.context.support.AnnotationConfigContextLoaderUtils -- Could not detect default configuration classes for test class [br.com.drianodev.starwars_planet_api.web.PlanetControllerTest]: PlanetControllerTest does not declare any static, non-private, non-final, nested classes annotated with @Configuration.
08:00:52.982 [main] INFO org.springframework.boot.test.context.SpringBootTestContextBootstrapper -- Found @SpringBootConfiguration br.com.drianodev.starwars_planet_api.StarwarsPlanetApiApplication for test class br.com.drianodev.starwars_planet_api.web.PlanetControllerTest
08:00:53.125 [main] INFO org.springframework.boot.devtools.restart.RestartApplicationListener -- Restart disabled due to context in which it is running

  .   ____          _            __ _ _
 /\\ / ___'_ __ _ _(_)_ __  __ _ \ \ \ \
( ( )\___ | '_ | '_| | '_ \/ _` | \ \ \ \
 \\/  ___)| |_)| | | | | || (_| |  ) ) ) )
  '  |____| .__|_| |_|_| |_\__, | / / / /
 =========|_|==============|___/=/_/_/_/

 :: Spring Boot ::                (v3.3.5)

2024-12-06T08:00:53.611-03:00  INFO 2171917 --- [sw-planet-api] [           main] b.c.d.s.web.PlanetControllerTest         : Starting PlanetControllerTest using Java 21.0.4 with PID 2171917 (started by idd_amlima in /home/idd_amlima/Documents/courses/udemy-testes-automatizados/sw-planet-api)
2024-12-06T08:00:53.613-03:00  INFO 2171917 --- [sw-planet-api] [           main] b.c.d.s.web.PlanetControllerTest         : No active profile set, falling back to 1 default profile: "default"
2024-12-06T08:00:57.063-03:00  INFO 2171917 --- [sw-planet-api] [           main] o.s.b.t.m.w.SpringBootMockServletContext : Initializing Spring TestDispatcherServlet ''
2024-12-06T08:00:57.064-03:00  INFO 2171917 --- [sw-planet-api] [           main] o.s.t.web.servlet.TestDispatcherServlet  : Initializing Servlet ''
2024-12-06T08:00:57.069-03:00  INFO 2171917 --- [sw-planet-api] [           main] o.s.t.web.servlet.TestDispatcherServlet  : Completed initialization in 2 ms
2024-12-06T08:00:57.136-03:00  INFO 2171917 --- [sw-planet-api] [           main] b.c.d.s.web.PlanetControllerTest         : Started PlanetControllerTest in 4.031 seconds (process running for 5.596)
]]></system-out>
    <system-err><![CDATA[WARNING: A Java agent has been loaded dynamically (/home/idd_amlima/.m2/repository/net/bytebuddy/byte-buddy-agent/1.14.19/byte-buddy-agent-1.14.19.jar)
WARNING: If a serviceability tool is in use, please run with -XX:+EnableDynamicAgentLoading to hide this warning
WARNING: If a serviceability tool is not in use, please run with -Djdk.instrument.traceUsage for more information
WARNING: Dynamic loading of agents will be disallowed by default in a future release
]]></system-err>
  </testcase>
  <testcase name="getPlanet_ByExistingName_ReturnsPlanet" classname="br.com.drianodev.starwars_planet_api.web.PlanetControllerTest" time="0.234"/>
  <testcase name="listPlanets_ReturnsFilteredPlanets" classname="br.com.drianodev.starwars_planet_api.web.PlanetControllerTest" time="0.065"/>
  <testcase name="listPlanets_ReturnsNoPlanets" classname="br.com.drianodev.starwars_planet_api.web.PlanetControllerTest" time="0.013"/>
  <testcase name="removePlanet_WithExistingId_ReturnsNoContent" classname="br.com.drianodev.starwars_planet_api.web.PlanetControllerTest" time="0.013"/>
  <testcase name="removePlanet_WithUnexistingId_ReturnsNoFound" classname="br.com.drianodev.starwars_planet_api.web.PlanetControllerTest" time="0.016"/>
  <testcase name="getPlanet_ByUnexistingId_ReturnsNotFound" classname="br.com.drianodev.starwars_planet_api.web.PlanetControllerTest" time="0.01"/>
  <testcase name="getPlanet_ByUnexistingName_ReturnsNotFound" classname="br.com.drianodev.starwars_planet_api.web.PlanetControllerTest" time="0.008"/>
  <testcase name="getPlanet_ByExistingId_ReturnsPlanet" classname="br.com.drianodev.starwars_planet_api.web.PlanetControllerTest" time="0.011"/>
  <testcase name="createPlanet_WithInvalidData_ReturnsBadRequest" classname="br.com.drianodev.starwars_planet_api.web.PlanetControllerTest" time="0.091">
    <system-out><![CDATA[2024-12-06T08:00:58.331-03:00  WARN 2171917 --- [sw-planet-api] [           main] o.s.w.s.m.m.a.HttpEntityMethodProcessor  : public final org.springframework.http.ResponseEntity<java.lang.Object> org.springframework.web.servlet.mvc.method.annotation.ResponseEntityExceptionHandler.handleException(java.lang.Exception,org.springframework.web.context.request.WebRequest) throws java.lang.Exception returned ResponseEntity: <422 UNPROCESSABLE_ENTITY Unprocessable Entity,ProblemDetail[type='about:blank', title='Bad Request', status=400, detail='Invalid request content.', instance='/planets', properties='null'],[]>, but its status doesn't match the ProblemDetail status: 400
2024-12-06T08:00:58.365-03:00  WARN 2171917 --- [sw-planet-api] [           main] o.s.w.s.m.m.a.HttpEntityMethodProcessor  : public final org.springframework.http.ResponseEntity<java.lang.Object> org.springframework.web.servlet.mvc.method.annotation.ResponseEntityExceptionHandler.handleException(java.lang.Exception,org.springframework.web.context.request.WebRequest) throws java.lang.Exception returned ResponseEntity: <422 UNPROCESSABLE_ENTITY Unprocessable Entity,ProblemDetail[type='about:blank', title='Bad Request', status=400, detail='Invalid request content.', instance='/planets', properties='null'],[]>, but its status doesn't match the ProblemDetail status: 400
]]></system-out>
  </testcase>
  <testcase name="createPlanet_WithValidData_ReturnsCreated" classname="br.com.drianodev.starwars_planet_api.web.PlanetControllerTest" time="0.01"/>
</testsuite>